авг. 08, 2025 12:54:25 PM org.example.ServerLogic run
INFO: [SERVER] Сервер запущен на порту 12727
авг. 08, 2025 12:54:31 PM org.example.ServerLogic acceptClient
INFO: [SERVER] Новый клиент подключён
авг. 08, 2025 1:04:53 PM org.example.ServerLogic run
INFO: [SERVER] Сервер запущен на порту 12727
авг. 17, 2025 1:53:23 PM org.example.ServerLogic run
INFO: [SERVER] Сервер запущен на порту 12727
авг. 17, 2025 1:53:24 PM org.example.ServerLogic acceptClient
INFO: [SERVER] Новый клиент подключён
авг. 17, 2025 1:54:52 PM org.example.ServerLogic run
INFO: [SERVER] Сервер запущен на порту 12727
авг. 17, 2025 1:54:55 PM org.example.ServerLogic acceptClient
INFO: [SERVER] Новый клиент подключён
авг. 17, 2025 1:56:22 PM org.example.ServerLogic run
INFO: [SERVER] Сервер запущен на порту 12727
авг. 17, 2025 1:56:24 PM org.example.ServerLogic acceptClient
INFO: [SERVER] Новый клиент подключён
авг. 17, 2025 2:09:13 PM org.example.ServerLogic run
INFO: [SERVER] Сервер запущен на порту 12727
авг. 17, 2025 2:09:18 PM org.example.ServerLogic acceptClient
INFO: [SERVER] Новый клиент подключён
авг. 17, 2025 2:13:02 PM org.example.ServerLogic run
INFO: [SERVER] Сервер запущен на порту 12727
авг. 17, 2025 2:13:05 PM org.example.ServerLogic acceptClient
INFO: [SERVER] Новый клиент подключён
авг. 17, 2025 2:14:24 PM org.example.ServerLogic run
INFO: [SERVER] Сервер запущен на порту 12727
авг. 17, 2025 2:14:26 PM org.example.ServerLogic acceptClient
INFO: [SERVER] Новый клиент подключён
авг. 17, 2025 2:14:26 PM org.example.ServerLogic run
SEVERE: [SERVER] Ошибка в обработке ключа
java.lang.IllegalArgumentException
	at java.base/sun.nio.ch.SelectionKeyImpl.interestOps(SelectionKeyImpl.java:106)
	at org.example.ServerLogic.run(ServerLogic.java:125)
	at org.example.RunServer.main(RunServer.java:12)

авг. 17, 2025 2:16:11 PM org.example.ServerLogic run
INFO: [SERVER] Сервер запущен на порту 12727
авг. 17, 2025 2:16:14 PM org.example.ServerLogic acceptClient
INFO: [SERVER] Новый клиент подключён
авг. 17, 2025 2:16:17 PM org.example.ServerLogic readRequest
INFO: Received command: help
авг. 17, 2025 2:16:17 PM org.example.ServerLogic sendResponse
FINER: Отправлено 1692 байт клиенту
авг. 17, 2025 2:42:25 PM org.example.ServerLogic run
INFO: [SERVER] Сервер запущен на порту 12727
авг. 17, 2025 11:53:28 PM org.example.ServerLogic run
INFO: [SERVER] Сервер запущен на порту 12727
авг. 17, 2025 11:53:33 PM org.example.ServerLogic acceptClient
INFO: [SERVER] Новый клиент подключён
авг. 17, 2025 11:53:39 PM org.example.ServerLogic lambda$readRequest$1
INFO: Received command: help
авг. 17, 2025 11:53:39 PM org.example.ServerLogic sendResponse
FINER: Отправлено 1692 байт клиенту
авг. 17, 2025 11:53:39 PM org.example.ServerLogic sendResponse
FINER: Отправлено 1692 байт клиенту
авг. 17, 2025 11:53:39 PM org.example.ServerLogic sendResponse
FINER: Отправлено 1692 байт клиенту
авг. 17, 2025 11:53:39 PM org.example.ServerLogic sendResponse
FINER: Отправлено 1692 байт клиенту
авг. 17, 2025 11:53:39 PM org.example.ServerLogic sendResponse
FINER: Отправлено 1692 байт клиенту
авг. 17, 2025 11:53:39 PM org.example.ServerLogic sendResponse
FINER: Отправлено 1692 байт клиенту
авг. 17, 2025 11:53:39 PM org.example.ServerLogic sendResponse
FINER: Отправлено 1692 байт клиенту
авг. 17, 2025 11:53:39 PM org.example.ServerLogic sendResponse
FINER: Отправлено 1692 байт клиенту
авг. 17, 2025 11:53:39 PM org.example.ServerLogic sendResponse
FINER: Отправлено 1692 байт клиенту
авг. 17, 2025 11:53:39 PM org.example.ServerLogic sendResponse
FINER: Отправлено 1692 байт клиенту
авг. 17, 2025 11:53:39 PM org.example.ServerLogic sendResponse
FINER: Отправлено 1692 байт клиенту
авг. 17, 2025 11:53:39 PM org.example.ServerLogic sendResponse
FINER: Отправлено 1692 байт клиенту
авг. 17, 2025 11:53:39 PM org.example.ServerLogic sendResponse
FINER: Отправлено 1692 байт клиенту
авг. 17, 2025 11:53:39 PM org.example.ServerLogic sendResponse
FINER: Отправлено 1692 байт клиенту
авг. 17, 2025 11:53:39 PM org.example.ServerLogic sendResponse
FINER: Отправлено 1692 байт клиенту
авг. 17, 2025 11:53:39 PM org.example.ServerLogic sendResponse
FINER: Отправлено 1692 байт клиенту
авг. 17, 2025 11:53:39 PM org.example.ServerLogic sendResponse
FINER: Отправлено 1692 байт клиенту
авг. 17, 2025 11:53:39 PM org.example.ServerLogic sendResponse
FINER: Отправлено 1692 байт клиенту
авг. 17, 2025 11:53:39 PM org.example.ServerLogic sendResponse
FINER: Отправлено 1692 байт клиенту
авг. 17, 2025 11:53:39 PM org.example.ServerLogic sendResponse
FINER: Отправлено 1692 байт клиенту
авг. 17, 2025 11:53:39 PM org.example.ServerLogic sendResponse
FINER: Отправлено 1692 байт клиенту
авг. 17, 2025 11:53:39 PM org.example.ServerLogic sendResponse
FINER: Отправлено 1692 байт клиенту
авг. 17, 2025 11:53:39 PM org.example.ServerLogic sendResponse
FINER: Отправлено 1692 байт клиенту
авг. 17, 2025 11:53:39 PM org.example.ServerLogic sendResponse
FINER: Отправлено 1692 байт клиенту
авг. 17, 2025 11:53:39 PM org.example.ServerLogic sendResponse
FINER: Отправлено 1692 байт клиенту
авг. 17, 2025 11:53:39 PM org.example.ServerLogic sendResponse
FINER: Отправлено 1692 байт клиенту
авг. 17, 2025 11:53:39 PM org.example.ServerLogic sendResponse
FINER: Отправлено 1692 байт клиенту
авг. 17, 2025 11:53:39 PM org.example.ServerLogic sendResponse
FINER: Отправлено 1692 байт клиенту
авг. 17, 2025 11:53:39 PM org.example.ServerLogic sendResponse
FINER: Отправлено 1692 байт клиенту
авг. 17, 2025 11:53:39 PM org.example.ServerLogic sendResponse
FINER: Отправлено 1692 байт клиенту
авг. 17, 2025 11:53:39 PM org.example.ServerLogic sendResponse
FINER: Отправлено 1692 байт клиенту
авг. 17, 2025 11:53:39 PM org.example.ServerLogic sendResponse
FINER: Отправлено 1692 байт клиенту
авг. 17, 2025 11:53:49 PM org.example.ServerLogic lambda$readRequest$1
INFO: Received command: show
авг. 17, 2025 11:53:49 PM org.example.ServerLogic sendResponse
FINER: Отправлено 9 байт клиенту
авг. 17, 2025 11:53:56 PM org.example.ServerLogic lambda$readRequest$1
INFO: Received command: d
авг. 17, 2025 11:53:56 PM org.example.ServerLogic sendResponse
FINER: Отправлено 190 байт клиенту
авг. 17, 2025 11:53:56 PM org.example.ServerLogic sendResponse
FINER: Отправлено 190 байт клиенту
авг. 17, 2025 11:53:56 PM org.example.ServerLogic sendResponse
FINER: Отправлено 190 байт клиенту
авг. 17, 2025 11:53:57 PM org.example.ServerLogic lambda$readRequest$1
INFO: Received command: d
авг. 17, 2025 11:53:57 PM org.example.ServerLogic sendResponse
FINER: Отправлено 190 байт клиенту
авг. 17, 2025 11:53:57 PM org.example.ServerLogic sendResponse
FINER: Отправлено 190 байт клиенту
авг. 17, 2025 11:53:58 PM org.example.ServerLogic lambda$readRequest$1
INFO: Received command: d
авг. 17, 2025 11:53:58 PM org.example.ServerLogic sendResponse
FINER: Отправлено 190 байт клиенту
авг. 17, 2025 11:53:58 PM org.example.ServerLogic sendResponse
FINER: Отправлено 190 байт клиенту
авг. 17, 2025 11:53:59 PM org.example.ServerLogic lambda$readRequest$1
INFO: Received command: d
авг. 17, 2025 11:53:59 PM org.example.ServerLogic run
SEVERE: [SERVER] Непредвиденная ошибка
java.nio.BufferOverflowException
	at java.base/java.nio.ByteBuffer.put(ByteBuffer.java:1044)
	at java.base/sun.nio.ch.IOUtil.write(IOUtil.java:97)
	at java.base/sun.nio.ch.IOUtil.write(IOUtil.java:58)
	at java.base/sun.nio.ch.SocketChannelImpl.implWrite(SocketChannelImpl.java:566)
	at java.base/sun.nio.ch.SocketChannelImpl.write(SocketChannelImpl.java:618)
	at org.example.ServerLogic.sendResponse(ServerLogic.java:273)
	at org.example.ServerLogic.run(ServerLogic.java:111)
	at org.example.RunServer.main(RunServer.java:12)

авг. 18, 2025 12:02:58 AM org.example.ServerLogic run
INFO: [SERVER] Сервер запущен на порту 12727
авг. 18, 2025 12:02:59 AM org.example.ServerLogic acceptClient
INFO: [SERVER] Новый клиент подключён
авг. 18, 2025 12:03:04 AM org.example.ServerLogic lambda$readRequest$1
INFO: Received command: help
авг. 18, 2025 12:03:04 AM org.example.ServerLogic run
SEVERE: [SERVER] Непредвиденная ошибка
java.nio.BufferOverflowException
	at java.base/java.nio.ByteBuffer.put(ByteBuffer.java:1044)
	at java.base/sun.nio.ch.IOUtil.write(IOUtil.java:97)
	at java.base/sun.nio.ch.IOUtil.write(IOUtil.java:58)
	at java.base/sun.nio.ch.SocketChannelImpl.implWrite(SocketChannelImpl.java:566)
	at java.base/sun.nio.ch.SocketChannelImpl.write(SocketChannelImpl.java:618)
	at org.example.ServerLogic.sendResponse(ServerLogic.java:274)
	at org.example.ServerLogic.run(ServerLogic.java:111)
	at org.example.RunServer.main(RunServer.java:12)

авг. 18, 2025 12:06:25 AM org.example.ServerLogic run
INFO: [SERVER] Сервер запущен на порту 12727
авг. 18, 2025 12:06:30 AM org.example.ServerLogic acceptClient
INFO: [SERVER] Новый клиент подключён
авг. 18, 2025 12:06:35 AM org.example.ServerLogic lambda$readRequest$1
INFO: Received command: help
авг. 18, 2025 12:06:39 AM org.example.ServerLogic lambda$readRequest$1
INFO: Received command: show
авг. 18, 2025 12:07:04 AM org.example.ServerLogic lambda$readRequest$1
INFO: Received command: add
авг. 18, 2025 12:07:08 AM org.example.ServerLogic lambda$readRequest$1
INFO: Received command: show
авг. 18, 2025 12:07:10 AM org.example.ServerLogic lambda$readRequest$1
INFO: Received command: a
авг. 18, 2025 12:07:10 AM org.example.ServerLogic lambda$readRequest$1
INFO: Received command: a
авг. 18, 2025 12:07:11 AM org.example.ServerLogic lambda$readRequest$1
INFO: Received command: a
авг. 18, 2025 12:07:11 AM org.example.ServerLogic lambda$readRequest$1
INFO: Received command: a
авг. 18, 2025 12:07:11 AM org.example.ServerLogic lambda$readRequest$1
INFO: Received command: a
авг. 18, 2025 12:07:11 AM org.example.ServerLogic lambda$readRequest$1
INFO: Received command: a
авг. 18, 2025 12:07:12 AM org.example.ServerLogic lambda$readRequest$1
INFO: Received command: a
авг. 18, 2025 12:07:12 AM org.example.ServerLogic lambda$readRequest$1
INFO: Received command: a
авг. 18, 2025 12:07:12 AM org.example.ServerLogic lambda$readRequest$1
INFO: Received command: a
авг. 18, 2025 12:07:12 AM org.example.ServerLogic lambda$readRequest$1
INFO: Received command: a
авг. 18, 2025 12:07:12 AM org.example.ServerLogic lambda$readRequest$1
INFO: Received command: a
авг. 18, 2025 12:07:12 AM org.example.ServerLogic lambda$readRequest$1
INFO: Received command: a
авг. 18, 2025 12:07:13 AM org.example.ServerLogic lambda$readRequest$1
INFO: Received command: a
авг. 18, 2025 12:07:13 AM org.example.ServerLogic lambda$readRequest$1
INFO: Received command: a
авг. 18, 2025 12:07:13 AM org.example.ServerLogic lambda$readRequest$1
INFO: Received command: a
авг. 18, 2025 12:07:13 AM org.example.ServerLogic lambda$readRequest$1
INFO: Received command: a
авг. 18, 2025 12:07:13 AM org.example.ServerLogic lambda$readRequest$1
INFO: Received command: a
авг. 18, 2025 12:07:13 AM org.example.ServerLogic lambda$readRequest$1
INFO: Received command: a
авг. 18, 2025 12:07:14 AM org.example.ServerLogic lambda$readRequest$1
INFO: Received command: a
авг. 18, 2025 12:07:14 AM org.example.ServerLogic lambda$readRequest$1
INFO: Received command: a
авг. 18, 2025 12:07:14 AM org.example.ServerLogic lambda$readRequest$1
INFO: Received command: a
авг. 18, 2025 12:07:14 AM org.example.ServerLogic lambda$readRequest$1
INFO: Received command: a
авг. 18, 2025 12:07:15 AM org.example.ServerLogic lambda$readRequest$1
INFO: Received command: a
авг. 18, 2025 12:07:19 AM org.example.ServerLogic lambda$readRequest$1
INFO: Received command: 
авг. 18, 2025 12:07:19 AM org.example.ServerLogic lambda$readRequest$1
INFO: Received command: s
авг. 20, 2025 6:11:18 PM org.example.ServerLogic run
INFO: [SERVER] Сервер запущен на порту 12727
авг. 20, 2025 6:11:53 PM org.example.ServerLogic run
INFO: [SERVER] Сервер запущен на порту 12727
авг. 20, 2025 6:12:08 PM org.example.ServerLogic acceptClient
INFO: [SERVER] Новый клиент подключён
авг. 20, 2025 6:12:38 PM org.example.ServerLogic run
INFO: Клиент java.nio.channels.SocketChannel[closed] корректно завершил соединение.
авг. 20, 2025 6:12:46 PM org.example.ServerLogic acceptClient
INFO: [SERVER] Новый клиент подключён
авг. 20, 2025 6:12:50 PM org.example.ServerLogic readRequest
INFO: Received command: hgbdtn
авг. 20, 2025 6:12:50 PM org.example.ServerLogic sendResponse
FINER: Отправлено 190 байт клиенту
авг. 20, 2025 6:12:57 PM org.example.ServerLogic readRequest
INFO: Received command: help
авг. 20, 2025 6:12:57 PM org.example.ServerLogic sendResponse
FINER: Отправлено 1692 байт клиенту
авг. 20, 2025 6:13:00 PM org.example.ServerLogic readRequest
INFO: Received command: show
авг. 20, 2025 6:13:00 PM org.example.ServerLogic sendResponse
FINER: Отправлено 1191 байт клиенту
авг. 23, 2025 8:59:15 PM org.example.ServerLogic run
INFO: [SERVER] Сервер запущен на порту 12727
авг. 23, 2025 8:59:21 PM org.example.ServerLogic acceptClient
INFO: [SERVER] Новый клиент подключён
авг. 23, 2025 8:59:39 PM org.example.ServerLogic readRequest
INFO: Received command: printfielddescendingdistance
авг. 23, 2025 8:59:39 PM org.example.ServerLogic sendResponse
FINER: Отправлено 195 байт клиенту
авг. 23, 2025 9:12:30 PM org.example.ServerLogic run
INFO: [SERVER] Сервер запущен на порту 12727
авг. 23, 2025 9:12:30 PM org.example.ServerLogic acceptClient
INFO: [SERVER] Новый клиент подключён
авг. 23, 2025 9:12:42 PM org.example.ServerLogic readRequest
INFO: Received command: printfielddescendingdistance
авг. 23, 2025 9:12:42 PM org.example.ServerLogic sendResponse
FINER: Отправлено 195 байт клиенту
авг. 23, 2025 9:12:52 PM org.example.ServerLogic readRequest
INFO: Received command: printfieldascendingdistance
авг. 23, 2025 9:12:52 PM org.example.ServerLogic sendResponse
FINER: Отправлено 201 байт клиенту
авг. 23, 2025 9:43:35 PM org.example.ServerLogic run
INFO: [SERVER] Сервер запущен на порту 12727
авг. 23, 2025 9:43:39 PM org.example.ServerLogic acceptClient
INFO: [SERVER] Новый клиент подключён
авг. 23, 2025 9:43:52 PM org.example.ServerLogic readRequest
INFO: Received command: show
авг. 23, 2025 9:43:52 PM org.example.ServerLogic sendResponse
FINER: Отправлено 1191 байт клиенту
авг. 23, 2025 9:56:31 PM org.example.ServerLogic run
INFO: [SERVER] Сервер запущен на порту 12727
авг. 23, 2025 9:56:39 PM org.example.ServerLogic acceptClient
INFO: [SERVER] Новый клиент подключён
авг. 23, 2025 9:56:42 PM org.example.ServerLogic readRequest
INFO: Received command: прив
авг. 23, 2025 9:56:42 PM org.example.ServerLogic sendResponse
FINER: Отправлено 190 байт клиенту
авг. 23, 2025 9:56:52 PM org.example.ServerLogic run
WARNING: Ошибка ввода-вывода с клиентом java.nio.channels.SocketChannel[connected local=/127.0.0.1:12727 remote=/127.0.0.1:59689]: Connection reset
авг. 23, 2025 10:04:07 PM org.example.ServerLogic run
INFO: [SERVER] Сервер запущен на порту 12727
авг. 23, 2025 10:06:05 PM org.example.ServerLogic acceptClient
INFO: [SERVER] Новый клиент подключён
авг. 23, 2025 10:06:05 PM org.example.ServerLogic run
SEVERE: Непредвиденная ошибка с клиентом java.nio.channels.SocketChannel[closed]
java.nio.channels.CancelledKeyException
	at java.base/sun.nio.ch.SelectionKeyImpl.ensureValid(SelectionKeyImpl.java:75)
	at java.base/sun.nio.ch.SelectionKeyImpl.readyOps(SelectionKeyImpl.java:138)
	at java.base/java.nio.channels.SelectionKey.isWritable(SelectionKey.java:378)
	at org.example.ServerLogic.run(ServerLogic.java:108)
	at org.example.RunServer.main(RunServer.java:8)

авг. 23, 2025 10:09:14 PM org.example.ServerLogic run
INFO: [SERVER] Сервер запущен на порту 12727
авг. 23, 2025 10:09:16 PM org.example.ServerLogic acceptClient
INFO: [SERVER] Новый клиент подключён
авг. 23, 2025 10:09:23 PM org.example.ServerLogic run
WARNING: Ошибка ввода-вывода с клиентом java.nio.channels.SocketChannel[connected local=/127.0.0.1:12727 remote=/127.0.0.1:62141]: Connection reset
авг. 23, 2025 10:13:39 PM org.example.ServerLogic run
INFO: [SERVER] Сервер запущен на порту 12727
авг. 23, 2025 10:13:42 PM org.example.ServerLogic acceptClient
INFO: [SERVER] Новый клиент подключён
авг. 23, 2025 10:13:48 PM org.example.ServerLogic readRequest
INFO: Received command: reth
авг. 23, 2025 10:13:48 PM org.example.ServerLogic sendResponse
FINER: Отправлено 190 байт клиенту
авг. 23, 2025 10:13:55 PM org.example.ServerLogic run
WARNING: Клиент отключился: java.nio.channels.SocketChannel[connected local=/127.0.0.1:12727 remote=/127.0.0.1:61889]
